<?xml version="1.0" encoding="utf-8"?><testsuites name="pytest tests"><testsuite name="pytest" errors="0" failures="0" skipped="0" tests="10" time="11.532" timestamp="2026-04-12T14:33:51.590460+00:00" hostname="agent-env-07af8f24-57da-4663-bb26-ed79717fc113"><testcase classname="backend.tests.test_features.TestHealthAndAuth" name="test_health_endpoint" time="0.243" /><testcase classname="backend.tests.test_features.TestHealthAndAuth" name="test_admin_login" time="0.085" /><testcase classname="backend.tests.test_features.TestHealthAndAuth" name="test_user_login" time="0.310" /><testcase classname="backend.tests.test_features.TestAdminAnalyses" name="test_get_analyses_list" time="3.123" /><testcase classname="backend.tests.test_features.TestAdminAnalyses" name="test_docx_download_contains_new_text" time="4.152" /><testcase classname="backend.tests.test_features.TestFormDataFields" name="test_analysis_contains_form_data_fields" time="3.122" /><testcase classname="backend.tests.test_features.TestDateFormatValidation" name="test_date_format_in_form_data" time="0.434" /><testcase classname="backend.tests.test_features.TestWhatsAppNumbers" name="test_whatsapp_numbers_in_server_code" time="0.000" /><testcase classname="backend.tests.test_features.TestAdminPrintFields" name="test_admin_page_contains_required_fields" time="0.000" /><testcase classname="backend.tests.test_features.TestAdminReportPage" name="test_admin_report_page_contains_photo_id_text" time="0.000" /></testsuite></testsuites>