<?xml version="1.0" encoding="utf-8"?><testsuites name="pytest tests"><testsuite name="pytest" errors="0" failures="0" skipped="0" tests="23" time="31.659" timestamp="2026-02-17T14:31:35.344666+00:00" hostname="agent-env-b65b656c-8bf6-4780-8bf2-a916c93aaa3f"><testcase classname="backend.tests.test_api.TestHealthEndpoints" name="test_root_endpoint" time="0.170" /><testcase classname="backend.tests.test_api.TestHealthEndpoints" name="test_health_endpoint" time="0.090" /><testcase classname="backend.tests.test_api.TestAuthentication" name="test_login_success" time="0.320" /><testcase classname="backend.tests.test_api.TestAuthentication" name="test_login_invalid_password" time="0.314" /><testcase classname="backend.tests.test_api.TestAuthentication" name="test_login_invalid_email" time="0.102" /><testcase classname="backend.tests.test_api.TestAuthentication" name="test_register_duplicate_email" time="0.081" /><testcase classname="backend.tests.test_api.TestAuthentication" name="test_get_me_authenticated" time="0.367" /><testcase classname="backend.tests.test_api.TestAuthentication" name="test_get_me_unauthorized" time="0.078" /><testcase classname="backend.tests.test_api.TestProfileAnalysis" name="test_analyze_suspicious_profile" time="5.923" /><testcase classname="backend.tests.test_api.TestProfileAnalysis" name="test_analyze_legitimate_profile" time="4.617" /><testcase classname="backend.tests.test_api.TestProfileAnalysis" name="test_analyze_minimal_profile" time="5.601" /><testcase classname="backend.tests.test_api.TestProfileAnalysis" name="test_analyze_unauthorized" time="0.106" /><testcase classname="backend.tests.test_api.TestAnalysesEndpoints" name="test_get_all_analyses" time="0.361" /><testcase classname="backend.tests.test_api.TestAnalysesEndpoints" name="test_get_specific_analysis" time="4.910" /><testcase classname="backend.tests.test_api.TestAnalysesEndpoints" name="test_get_nonexistent_analysis" time="0.366" /><testcase classname="backend.tests.test_api.TestAnalysesEndpoints" name="test_delete_analysis" time="5.774" /><testcase classname="backend.tests.test_api.TestAnalysesEndpoints" name="test_delete_nonexistent_analysis" time="0.401" /><testcase classname="backend.tests.test_api.TestFilters" name="test_create_filter" time="0.356" /><testcase classname="backend.tests.test_api.TestFilters" name="test_get_all_filters" time="0.346" /><testcase classname="backend.tests.test_api.TestFilters" name="test_update_filter" time="0.430" /><testcase classname="backend.tests.test_api.TestFilters" name="test_delete_filter" time="0.410" /><testcase classname="backend.tests.test_api.TestDashboardStats" name="test_get_stats" time="0.353" /><testcase classname="backend.tests.test_api.TestDashboardStats" name="test_stats_unauthorized" time="0.085" /></testsuite></testsuites>